#
# There is insufficient memory for the Java Runtime Environment to continue.
# Native memory allocation (mmap) failed to map 43515904 bytes for committing reserved memory.
# Possible reasons:
#   The system is out of physical RAM or swap space
#   In 32 bit mode, the process size limit was hit
# Possible solutions:
#   Reduce memory load on the system
#   Increase physical memory or swap space
#   Check if swap backing store is full
#   Use 64 bit Java on a 64 bit OS
#   Decrease Java heap size (-Xmx/-Xms)
#   Decrease number of Java threads
#   Decrease Java thread stack sizes (-Xss)
#   Set larger code cache with -XX:ReservedCodeCacheSize=
# This output file may be truncated or incomplete.
#
#  Out of Memory Error (os_linux.cpp:2643), pid=24685, tid=0x00007f90e5088700
#
# JRE version:  (8.0_131-b11) (build )
# Java VM: OpenJDK 64-Bit Server VM (25.131-b11 mixed mode linux-amd64 compressed oops)
# Failed to write core dump. Core dumps have been disabled. To enable core dumping, try "ulimit -c unlimited" before starting Java again
#

---------------  T H R E A D  ---------------

Current thread (0x00007f90dc00a000):  JavaThread "Unknown thread" [_thread_in_vm, id=24706, stack(0x00007f90e4f88000,0x00007f90e5089000)]

Stack: [0x00007f90e4f88000,0x00007f90e5089000],  sp=0x00007f90e5087610,  free space=1021k
Native frames: (J=compiled Java code, j=interpreted, Vv=VM code, C=native code)
V  [libjvm.so+0xa6fa00]  VMError::report_and_die()+0x160
V  [libjvm.so+0x4c7bdc]  report_vm_out_of_memory(char const*, int, unsigned long, VMErrorType, char const*)+0xac
V  [libjvm.so+0x8be7a0]  os::pd_commit_memory(char*, unsigned long, unsigned long, bool)+0xf0
V  [libjvm.so+0x8b8e2e]  os::commit_memory(char*, unsigned long, unsigned long, bool)+0x2e
V  [libjvm.so+0x93395e]  PSVirtualSpace::expand_by(unsigned long)+0x4e
V  [libjvm.so+0x9243e3]  PSOldGen::initialize(ReservedSpace, unsigned long, char const*, int)+0x93
V  [libjvm.so+0x2b02e1]  AdjoiningGenerations::AdjoiningGenerations(ReservedSpace, GenerationSizer*, unsigned long)+0x321
V  [libjvm.so+0x8e39d2]  ParallelScavengeHeap::initialize()+0x242
V  [libjvm.so+0xa33c21]  Universe::initialize_heap()+0x1a1
V  [libjvm.so+0xa33e82]  universe_init()+0x42
V  [libjvm.so+0x611ddf]  init_globals()+0x5f
V  [libjvm.so+0xa185ea]  Threads::create_vm(JavaVMInitArgs*, bool*)+0x30a
V  [libjvm.so+0x68c0c1]  JNI_CreateJavaVM+0x61
C  [libjli.so+0x2f06]
C  [libjli.so+0x748d]
C  [libpthread.so.0+0x76da]  start_thread+0xca


---------------  P R O C E S S  ---------------

Java Threads: ( => current thread )

Other Threads:

=>0x00007f90dc00a000 (exited) JavaThread "Unknown thread" [_thread_in_vm, id=24706, stack(0x00007f90e4f88000,0x00007f90e5089000)]

VM state:not at safepoint (not fully initialized)

VM Mutex/Monitor currently owned by a thread: None

GC Heap History (0 events):
No events

Deoptimization events (0 events):
No events

Internal exceptions (0 events):
No events

Events (0 events):
No events


Dynamic libraries:
c6380000-ebe00000 ---p 00000000 00:00 0 
ebe00000-ed280000 rw-p 00000000 00:00 0 
ed280000-100000000 ---p 00000000 00:00 0 
55d893b3d000-55d893b3e000 r-xp 00000000 08:02 24906965                   /usr/lib/jvm/java-8-openjdk-amd64/jre/bin/java
55d893d3d000-55d893d3e000 r--p 00000000 08:02 24906965                   /usr/lib/jvm/java-8-openjdk-amd64/jre/bin/java
55d893d3e000-55d893d3f000 rw-p 00001000 08:02 24906965                   /usr/lib/jvm/java-8-openjdk-amd64/jre/bin/java
55d8950b6000-55d8950d7000 rw-p 00000000 00:00 0                          [heap]
7f90cd000000-7f90cd270000 rwxp 00000000 00:00 0 
7f90cd270000-7f90dc000000 ---p 00000000 00:00 0 
7f90dc000000-7f90dc032000 rw-p 00000000 00:00 0 
7f90dc032000-7f90e0000000 ---p 00000000 00:00 0 
7f90e11dd000-7f90e144d000 rw-p 00000000 00:00 0 
7f90e144d000-7f90e158f000 ---p 00000000 00:00 0 
7f90e158f000-7f90e159a000 rw-p 00000000 00:00 0 
7f90e159a000-7f90e1630000 ---p 00000000 00:00 0 
7f90e1630000-7f90e163b000 rw-p 00000000 00:00 0 
7f90e163b000-7f90e19f1000 ---p 00000000 00:00 0 
7f90e19f1000-7f90e19f9000 r-xp 00000000 08:02 24907011                   /usr/lib/jvm/java-8-openjdk-amd64/jre/lib/amd64/libzip.so
7f90e19f9000-7f90e1bf8000 ---p 00008000 08:02 24907011                   /usr/lib/jvm/java-8-openjdk-amd64/jre/lib/amd64/libzip.so
7f90e1bf8000-7f90e1bf9000 r--p 00007000 08:02 24907011                   /usr/lib/jvm/java-8-openjdk-amd64/jre/lib/amd64/libzip.so
7f90e1bf9000-7f90e1bfa000 rw-p 00008000 08:02 24907011                   /usr/lib/jvm/java-8-openjdk-amd64/jre/lib/amd64/libzip.so
7f90e1bfa000-7f90e1c05000 r-xp 00000000 08:02 27131997                   /lib/x86_64-linux-gnu/libnss_files-2.24.so
7f90e1c05000-7f90e1e04000 ---p 0000b000 08:02 27131997                   /lib/x86_64-linux-gnu/libnss_files-2.24.so
7f90e1e04000-7f90e1e05000 r--p 0000a000 08:02 27131997                   /lib/x86_64-linux-gnu/libnss_files-2.24.so
7f90e1e05000-7f90e1e06000 rw-p 0000b000 08:02 27131997                   /lib/x86_64-linux-gnu/libnss_files-2.24.so
7f90e1e06000-7f90e1e0c000 rw-p 00000000 00:00 0 
7f90e1e0c000-7f90e1e17000 r-xp 00000000 08:02 27131999                   /lib/x86_64-linux-gnu/libnss_nis-2.24.so
7f90e1e17000-7f90e2016000 ---p 0000b000 08:02 27131999                   /lib/x86_64-linux-gnu/libnss_nis-2.24.so
7f90e2016000-7f90e2017000 r--p 0000a000 08:02 27131999                   /lib/x86_64-linux-gnu/libnss_nis-2.24.so
7f90e2017000-7f90e2018000 rw-p 0000b000 08:02 27131999                   /lib/x86_64-linux-gnu/libnss_nis-2.24.so
7f90e2018000-7f90e202e000 r-xp 00000000 08:02 27131994                   /lib/x86_64-linux-gnu/libnsl-2.24.so
7f90e202e000-7f90e222d000 ---p 00016000 08:02 27131994                   /lib/x86_64-linux-gnu/libnsl-2.24.so
7f90e222d000-7f90e222e000 r--p 00015000 08:02 27131994                   /lib/x86_64-linux-gnu/libnsl-2.24.so
7f90e222e000-7f90e222f000 rw-p 00016000 08:02 27131994                   /lib/x86_64-linux-gnu/libnsl-2.24.so
7f90e222f000-7f90e2231000 rw-p 00000000 00:00 0 
7f90e2231000-7f90e2239000 r-xp 00000000 08:02 27131995                   /lib/x86_64-linux-gnu/libnss_compat-2.24.so
7f90e2239000-7f90e2438000 ---p 00008000 08:02 27131995                   /lib/x86_64-linux-gnu/libnss_compat-2.24.so
7f90e2438000-7f90e2439000 r--p 00007000 08:02 27131995                   /lib/x86_64-linux-gnu/libnss_compat-2.24.so
7f90e2439000-7f90e243a000 rw-p 00008000 08:02 27131995                   /lib/x86_64-linux-gnu/libnss_compat-2.24.so
7f90e243a000-7f90e2467000 r-xp 00000000 08:02 24906992                   /usr/lib/jvm/java-8-openjdk-amd64/jre/lib/amd64/libjava.so
7f90e2467000-7f90e2666000 ---p 0002d000 08:02 24906992                   /usr/lib/jvm/java-8-openjdk-amd64/jre/lib/amd64/libjava.so
7f90e2666000-7f90e2667000 r--p 0002c000 08:02 24906992                   /usr/lib/jvm/java-8-openjdk-amd64/jre/lib/amd64/libjava.so
7f90e2667000-7f90e2669000 rw-p 0002d000 08:02 24906992                   /usr/lib/jvm/java-8-openjdk-amd64/jre/lib/amd64/libjava.so
7f90e2669000-7f90e2678000 r-xp 00000000 08:02 24907010                   /usr/lib/jvm/java-8-openjdk-amd64/jre/lib/amd64/libverify.so
7f90e2678000-7f90e2878000 ---p 0000f000 08:02 24907010                   /usr/lib/jvm/java-8-openjdk-amd64/jre/lib/amd64/libverify.so
7f90e2878000-7f90e287a000 r--p 0000f000 08:02 24907010                   /usr/lib/jvm/java-8-openjdk-amd64/jre/lib/amd64/libverify.so
7f90e287a000-7f90e287b000 rw-p 00011000 08:02 24907010                   /usr/lib/jvm/java-8-openjdk-amd64/jre/lib/amd64/libverify.so
7f90e287b000-7f90e2882000 r-xp 00000000 08:02 27136407                   /lib/x86_64-linux-gnu/librt-2.24.so
7f90e2882000-7f90e2a81000 ---p 00007000 08:02 27136407                   /lib/x86_64-linux-gnu/librt-2.24.so
7f90e2a81000-7f90e2a82000 r--p 00006000 08:02 27136407                   /lib/x86_64-linux-gnu/librt-2.24.so
7f90e2a82000-7f90e2a83000 rw-p 00007000 08:02 27136407                   /lib/x86_64-linux-gnu/librt-2.24.so
7f90e2a83000-7f90e2a99000 r-xp 00000000 08:02 27136495                   /lib/x86_64-linux-gnu/libgcc_s.so.1
7f90e2a99000-7f90e2c98000 ---p 00016000 08:02 27136495                   /lib/x86_64-linux-gnu/libgcc_s.so.1
7f90e2c98000-7f90e2c99000 r--p 00015000 08:02 27136495                   /lib/x86_64-linux-gnu/libgcc_s.so.1
7f90e2c99000-7f90e2c9a000 rw-p 00016000 08:02 27136495                   /lib/x86_64-linux-gnu/libgcc_s.so.1
7f90e2c9a000-7f90e2da2000 r-xp 00000000 08:02 27131991                   /lib/x86_64-linux-gnu/libm-2.24.so
7f90e2da2000-7f90e2fa1000 ---p 00108000 08:02 27131991                   /lib/x86_64-linux-gnu/libm-2.24.so
7f90e2fa1000-7f90e2fa2000 r--p 00107000 08:02 27131991                   /lib/x86_64-linux-gnu/libm-2.24.so
7f90e2fa2000-7f90e2fa3000 rw-p 00108000 08:02 27131991                   /lib/x86_64-linux-gnu/libm-2.24.so
7f90e2fa3000-7f90e311c000 r-xp 00000000 08:02 24782458                   /usr/lib/x86_64-linux-gnu/libstdc++.so.6.0.22
7f90e311c000-7f90e331b000 ---p 00179000 08:02 24782458                   /usr/lib/x86_64-linux-gnu/libstdc++.so.6.0.22
7f90e331b000-7f90e3325000 r--p 00178000 08:02 24782458                   /usr/lib/x86_64-linux-gnu/libstdc++.so.6.0.22
7f90e3325000-7f90e3327000 rw-p 00182000 08:02 24782458                   /usr/lib/x86_64-linux-gnu/libstdc++.so.6.0.22
7f90e3327000-7f90e332b000 rw-p 00000000 00:00 0 
7f90e332b000-7f90e3f85000 r-xp 00000000 08:02 24907014                   /usr/lib/jvm/java-8-openjdk-amd64/jre/lib/amd64/server/libjvm.so
7f90e3f85000-7f90e4184000 ---p 00c5a000 08:02 24907014                   /usr/lib/jvm/java-8-openjdk-amd64/jre/lib/amd64/server/libjvm.so
7f90e4184000-7f90e4217000 r--p 00c59000 08:02 24907014                   /usr/lib/jvm/java-8-openjdk-amd64/jre/lib/amd64/server/libjvm.so
7f90e4217000-7f90e4240000 rw-p 00cec000 08:02 24907014                   /usr/lib/jvm/java-8-openjdk-amd64/jre/lib/amd64/server/libjvm.so
7f90e4240000-7f90e4270000 rw-p 00000000 00:00 0 
7f90e4270000-7f90e4288000 r-xp 00000000 08:02 27136352                   /lib/x86_64-linux-gnu/libpthread-2.24.so
7f90e4288000-7f90e4488000 ---p 00018000 08:02 27136352                   /lib/x86_64-linux-gnu/libpthread-2.24.so
7f90e4488000-7f90e4489000 r--p 00018000 08:02 27136352                   /lib/x86_64-linux-gnu/libpthread-2.24.so
7f90e4489000-7f90e448a000 rw-p 00019000 08:02 27136352                   /lib/x86_64-linux-gnu/libpthread-2.24.so
7f90e448a000-7f90e448e000 rw-p 00000000 00:00 0 
7f90e448e000-7f90e4491000 r-xp 00000000 08:02 27131990                   /lib/x86_64-linux-gnu/libdl-2.24.so
7f90e4491000-7f90e4690000 ---p 00003000 08:02 27131990                   /lib/x86_64-linux-gnu/libdl-2.24.so
7f90e4690000-7f90e4691000 r--p 00002000 08:02 27131990                   /lib/x86_64-linux-gnu/libdl-2.24.so
7f90e4691000-7f90e4692000 rw-p 00003000 08:02 27131990                   /lib/x86_64-linux-gnu/libdl-2.24.so
7f90e4692000-7f90e46ad000 r-xp 00000000 08:02 27136638                   /lib/x86_64-linux-gnu/libz.so.1.2.11
7f90e46ad000-7f90e48ac000 ---p 0001b000 08:02 27136638                   /lib/x86_64-linux-gnu/libz.so.1.2.11
7f90e48ac000-7f90e48ad000 r--p 0001a000 08:02 27136638                   /lib/x86_64-linux-gnu/libz.so.1.2.11
7f90e48ad000-7f90e48ae000 rw-p 0001b000 08:02 27136638                   /lib/x86_64-linux-gnu/libz.so.1.2.11
7f90e48ae000-7f90e4a6c000 r-xp 00000000 08:02 27131987                   /lib/x86_64-linux-gnu/libc-2.24.so
7f90e4a6c000-7f90e4c6b000 ---p 001be000 08:02 27131987                   /lib/x86_64-linux-gnu/libc-2.24.so
7f90e4c6b000-7f90e4c6f000 r--p 001bd000 08:02 27131987                   /lib/x86_64-linux-gnu/libc-2.24.so
7f90e4c6f000-7f90e4c71000 rw-p 001c1000 08:02 27131987                   /lib/x86_64-linux-gnu/libc-2.24.so
7f90e4c71000-7f90e4c75000 rw-p 00000000 00:00 0 
7f90e4c75000-7f90e4c82000 r-xp 00000000 08:02 24906978                   /usr/lib/jvm/java-8-openjdk-amd64/jre/lib/amd64/jli/libjli.so
7f90e4c82000-7f90e4e82000 ---p 0000d000 08:02 24906978                   /usr/lib/jvm/java-8-openjdk-amd64/jre/lib/amd64/jli/libjli.so
7f90e4e82000-7f90e4e83000 r--p 0000d000 08:02 24906978                   /usr/lib/jvm/java-8-openjdk-amd64/jre/lib/amd64/jli/libjli.so
7f90e4e83000-7f90e4e84000 rw-p 0000e000 08:02 24906978                   /usr/lib/jvm/java-8-openjdk-amd64/jre/lib/amd64/jli/libjli.so
7f90e4e84000-7f90e4eaa000 r-xp 00000000 08:02 27131919                   /lib/x86_64-linux-gnu/ld-2.24.so
7f90e4f88000-7f90e4f8b000 ---p 00000000 00:00 0 
7f90e4f8b000-7f90e508d000 rw-p 00000000 00:00 0 
7f90e509c000-7f90e50a4000 rw-s 00000000 08:02 1576064                    /tmp/hsperfdata_cassio/24685
7f90e50a4000-7f90e50a5000 rw-p 00000000 00:00 0 
7f90e50a5000-7f90e50a6000 r--p 00000000 00:00 0 
7f90e50a6000-7f90e50a9000 rw-p 00000000 00:00 0 
7f90e50a9000-7f90e50aa000 r--p 00025000 08:02 27131919                   /lib/x86_64-linux-gnu/ld-2.24.so
7f90e50aa000-7f90e50ab000 rw-p 00026000 08:02 27131919                   /lib/x86_64-linux-gnu/ld-2.24.so
7f90e50ab000-7f90e50ac000 rw-p 00000000 00:00 0 
7ffdffe48000-7ffdffe69000 rw-p 00000000 00:00 0                          [stack]
7ffdffeb4000-7ffdffeb6000 r--p 00000000 00:00 0                          [vvar]
7ffdffeb6000-7ffdffeb8000 r-xp 00000000 00:00 0                          [vdso]
ffffffffff600000-ffffffffff601000 r-xp 00000000 00:00 0                  [vsyscall]

VM Arguments:
jvm_args: -ea -Dfile.encoding=UTF-8 
java_command: org.eclipse.jdt.internal.junit.runner.RemoteTestRunner -version 3 -port 33009 -testLoaderClass org.eclipse.jdt.internal.junit4.runner.JUnit4TestLoader -loaderpluginname org.eclipse.jdt.junit4.runtime -classNames br.com.EstudoLista.TesteVetor
java_class_path (initial): /home/cassio/eclipse-workspace/EstudoLista/bin:/home/cassio/.p2/pool/plugins/org.junit_4.12.0.v201504281640/junit.jar:/home/cassio/.p2/pool/plugins/org.hamcrest.core_1.3.0.v201303031735.jar:/home/cassio/eclipse/jee-oxygen/eclipse/configuration/org.eclipse.osgi/407/0/.cp:/home/cassio/eclipse/jee-oxygen/eclipse/configuration/org.eclipse.osgi/406/0/.cp
Launcher Type: SUN_STANDARD

Environment Variables:
PATH=/usr/local/sbin:/usr/local/bin:/usr/sbin:/usr/bin:/sbin:/bin:/usr/games:/usr/local/games:/snap/bin
SHELL=/bin/bash
DISPLAY=:0

Signal Handlers:
SIGSEGV: [libjvm.so+0xa70490], sa_mask[0]=11111111011111111101111111111110, sa_flags=SA_RESTART|SA_SIGINFO
SIGBUS: [libjvm.so+0xa70490], sa_mask[0]=11111111011111111101111111111110, sa_flags=SA_RESTART|SA_SIGINFO
SIGFPE: [libjvm.so+0x8b9fc0], sa_mask[0]=11111111011111111101111111111110, sa_flags=SA_RESTART|SA_SIGINFO
SIGPIPE: [libjvm.so+0x8b9fc0], sa_mask[0]=11111111011111111101111111111110, sa_flags=SA_RESTART|SA_SIGINFO
SIGXFSZ: [libjvm.so+0x8b9fc0], sa_mask[0]=11111111011111111101111111111110, sa_flags=SA_RESTART|SA_SIGINFO
SIGILL: [libjvm.so+0x8b9fc0], sa_mask[0]=11111111011111111101111111111110, sa_flags=SA_RESTART|SA_SIGINFO
SIGUSR1: SIG_DFL, sa_mask[0]=00000000000000000000000000000000, sa_flags=none
SIGUSR2: [libjvm.so+0x8b9e70], sa_mask[0]=00100000000000000000000000000000, sa_flags=SA_RESTART|SA_SIGINFO
SIGHUP: SIG_DFL, sa_mask[0]=00000000000000000000000000000000, sa_flags=none
SIGINT: SIG_DFL, sa_mask[0]=00000000000000000000000000000000, sa_flags=none
SIGTERM: SIG_DFL, sa_mask[0]=00000000000000000000000000000000, sa_flags=none
SIGQUIT: SIG_DFL, sa_mask[0]=00000000000000000000000000000000, sa_flags=none


---------------  S Y S T E M  ---------------

OS:DISTRIB_ID=Ubuntu
DISTRIB_RELEASE=17.04
DISTRIB_CODENAME=zesty
DISTRIB_DESCRIPTION="Ubuntu 17.04"

uname:Linux 4.10.0-19-generic #21-Ubuntu SMP Thu Apr 6 17:04:57 UTC 2017 x86_64
libc:glibc 2.24 NPTL 2.24 
rlimit: STACK 8192k, CORE 0k, NPROC 15264, NOFILE 4096, AS infinity
load average:18.70 6.50 2.89

/proc/meminfo:
MemTotal:        3953400 kB
MemFree:           84480 kB
MemAvailable:       3928 kB
Buffers:            1628 kB
Cached:           258064 kB
SwapCached:          664 kB
Active:          3031928 kB
Inactive:         618904 kB
Active(anon):    3016132 kB
Inactive(anon):   603212 kB
Active(file):      15796 kB
Inactive(file):    15692 kB
Unevictable:          48 kB
Mlocked:              48 kB
SwapTotal:        101372 kB
SwapFree:              0 kB
Dirty:               176 kB
Writeback:           224 kB
AnonPages:       3390544 kB
Mapped:           121632 kB
Shmem:            228208 kB
Slab:              90780 kB
SReclaimable:      44032 kB
SUnreclaim:        46748 kB
KernelStack:       16192 kB
PageTables:        48184 kB
NFS_Unstable:          0 kB
Bounce:                0 kB
WritebackTmp:          0 kB
CommitLimit:     2078072 kB
Committed_AS:    9211520 kB
VmallocTotal:   34359738367 kB
VmallocUsed:           0 kB
VmallocChunk:          0 kB
HardwareCorrupted:     0 kB
AnonHugePages:   1122304 kB
ShmemHugePages:        0 kB
ShmemPmdMapped:        0 kB
CmaTotal:              0 kB
CmaFree:               0 kB
HugePages_Total:       0
HugePages_Free:        0
HugePages_Rsvd:        0
HugePages_Surp:        0
Hugepagesize:       2048 kB
DirectMap4k:      191488 kB
DirectMap2M:     3911680 kB
DirectMap1G:           0 kB


CPU:total 4 (initial active 4) (2 cores per cpu, 2 threads per core) family 6 model 61 stepping 4, cmov, cx8, fxsr, mmx, sse, sse2, sse3, ssse3, sse4.1, sse4.2, popcnt, avx, avx2, aes, clmul, erms, 3dnowpref, lzcnt, ht, tsc, tscinvbit, bmi1, bmi2, adx

/proc/cpuinfo:
processor	: 0
vendor_id	: GenuineIntel
cpu family	: 6
model		: 61
model name	: Intel(R) Core(TM) i3-5005U CPU @ 2.00GHz
stepping	: 4
microcode	: 0x24
cpu MHz		: 919.067
cache size	: 3072 KB
physical id	: 0
siblings	: 4
core id		: 0
cpu cores	: 2
apicid		: 0
initial apicid	: 0
fpu		: yes
fpu_exception	: yes
cpuid level	: 20
wp		: yes
flags		: fpu vme de pse tsc msr pae mce cx8 apic sep mtrr pge mca cmov pat pse36 clflush dts acpi mmx fxsr sse sse2 ss ht tm pbe syscall nx pdpe1gb rdtscp lm constant_tsc arch_perfmon pebs bts rep_good nopl xtopology nonstop_tsc aperfmperf pni pclmulqdq dtes64 monitor ds_cpl vmx est tm2 ssse3 sdbg fma cx16 xtpr pdcm pcid sse4_1 sse4_2 x2apic movbe popcnt tsc_deadline_timer aes xsave avx f16c rdrand lahf_lm abm 3dnowprefetch epb intel_pt tpr_shadow vnmi flexpriority ept vpid fsgsbase tsc_adjust bmi1 avx2 smep bmi2 erms invpcid rdseed adx smap xsaveopt dtherm arat pln pts
bugs		:
bogomips	: 3990.59
clflush size	: 64
cache_alignment	: 64
address sizes	: 39 bits physical, 48 bits virtual
power management:

processor	: 1
vendor_id	: GenuineIntel
cpu family	: 6
model		: 61
model name	: Intel(R) Core(TM) i3-5005U CPU @ 2.00GHz
stepping	: 4
microcode	: 0x24
cpu MHz		: 899.780
cache size	: 3072 KB
physical id	: 0
siblings	: 4
core id		: 1
cpu cores	: 2
apicid		: 2
initial apicid	: 2
fpu		: yes
fpu_exception	: yes
cpuid level	: 20
wp		: yes
flags		: fpu vme de pse tsc msr pae mce cx8 apic sep mtrr pge mca cmov pat pse36 clflush dts acpi mmx fxsr sse sse2 ss ht tm pbe syscall nx pdpe1gb rdtscp lm constant_tsc arch_perfmon pebs bts rep_good nopl xtopology nonstop_tsc aperfmperf pni pclmulqdq dtes64 monitor ds_cpl vmx est tm2 ssse3 sdbg fma cx16 xtpr pdcm pcid sse4_1 sse4_2 x2apic movbe popcnt tsc_deadline_timer aes xsave avx f16c rdrand lahf_lm abm 3dnowprefetch epb intel_pt tpr_shadow vnmi flexpriority ept vpid fsgsbase tsc_adjust bmi1 avx2 smep bmi2 erms invpcid rdseed adx smap xsaveopt dtherm arat pln pts
bugs		:
bogomips	: 3990.59
clflush size	: 64
cache_alignment	: 64
address sizes	: 39 bits physical, 48 bits virtual
power management:

processor	: 2
vendor_id	: GenuineIntel
cpu family	: 6
model		: 61
model name	: Intel(R) Core(TM) i3-5005U CPU @ 2.00GHz
stepping	: 4
microcode	: 0x24
cpu MHz		: 901.123
cache size	: 3072 KB
physical id	: 0
siblings	: 4
core id		: 0
cpu cores	: 2
apicid		: 1
initial apicid	: 1
fpu		: yes
fpu_exception	: yes
cpuid level	: 20
wp		: yes
flags		: fpu vme de pse tsc msr pae mce cx8 apic sep mtrr pge mca cmov pat pse36 clflush dts acpi mmx fxsr sse sse2 ss ht tm pbe syscall nx pdpe1gb rdtscp lm constant_tsc arch_perfmon pebs bts rep_good nopl xtopology nonstop_tsc aperfmperf pni pclmulqdq dtes64 monitor ds_cpl vmx est tm2 ssse3 sdbg fma cx16 xtpr pdcm pcid sse4_1 sse4_2 x2apic movbe popcnt tsc_deadline_timer aes xsave avx f16c rdrand lahf_lm abm 3dnowprefetch epb intel_pt tpr_shadow vnmi flexpriority ept vpid fsgsbase tsc_adjust bmi1 avx2 smep bmi2 erms invpcid rdseed adx smap xsaveopt dtherm arat pln pts
bugs		:
bogomips	: 3990.59
clflush size	: 64
cache_alignment	: 64
address sizes	: 39 bits physical, 48 bits virtual
power management:

processor	: 3
vendor_id	: GenuineIntel
cpu family	: 6
model		: 61
model name	: Intel(R) Core(TM) i3-5005U CPU @ 2.00GHz
stepping	: 4
microcode	: 0x24
cpu MHz		: 899.902
cache size	: 3072 KB
physical id	: 0
siblings	: 4
core id		: 1
cpu cores	: 2
apicid		: 3
initial apicid	: 3
fpu		: yes
fpu_exception	: yes
cpuid level	: 20
wp		: yes
flags		: fpu vme de pse tsc msr pae mce cx8 apic sep mtrr pge mca cmov pat pse36 clflush dts acpi mmx fxsr sse sse2 ss ht tm pbe syscall nx pdpe1gb rdtscp lm constant_tsc arch_perfmon pebs bts rep_good nopl xtopology nonstop_tsc aperfmperf pni pclmulqdq dtes64 monitor ds_cpl vmx est tm2 ssse3 sdbg fma cx16 xtpr pdcm pcid sse4_1 sse4_2 x2apic movbe popcnt tsc_deadline_timer aes xsave avx f16c rdrand lahf_lm abm 3dnowprefetch epb intel_pt tpr_shadow vnmi flexpriority ept vpid fsgsbase tsc_adjust bmi1 avx2 smep bmi2 erms invpcid rdseed adx smap xsaveopt dtherm arat pln pts
bugs		:
bogomips	: 3990.59
clflush size	: 64
cache_alignment	: 64
address sizes	: 39 bits physical, 48 bits virtual
power management:



Memory: 4k page, physical 3953400k(84480k free), swap 101372k(0k free)

vm_info: OpenJDK 64-Bit Server VM (25.131-b11) for linux-amd64 JRE (1.8.0_131-8u131-b11-2ubuntu1.17.04.3-b11), built on Jul 27 2017 21:26:44 by "buildd" with gcc 6.3.0 20170406

time: Wed Sep 20 15:27:15 2017
elapsed time: 24 seconds (0d 0h 0m 24s)

